# JRE version: OpenJDK Runtime Environment (17.0.11) (build 17.0.11+0--11852314)
# Java VM: OpenJDK 64-Bit Server VM (17.0.11+0--11852314, mixed mode, tiered, compressed oops, compressed class ptrs, g1 gc, windows-amd64)
GC Precious Log:
 CPUs: 8 total, 8 available
 Memory: 16078M
 Large Page Support: Disabled
 NUMA Support: Disabled
 Compressed Oops: Enabled (32-bit)
 Heap Region Size: 1M
 Heap Min Capacity: 8M
 Heap Initial Capacity: 252M
 Heap Max Capacity: 2G
 Pre-touch: Disabled
 Parallel Workers: 8
 Concurrent Workers: 2
 Concurrent Refinement Workers: 8
 Periodic GC: Disabled
Heap:
 garbage-first heap   total 258048K, used 156144K [0x0000000080000000, 0x0000000100000000)
  region size 1024K, 2 young (2048K), 2 survivors (2048K)
 Metaspace       used 139296K, committed 140032K, reserved 1179648K
  class space    used 17987K, committed 18304K, reserved 1048576K
GC Heap History (20 events):
Event: 8.711 GC heap after
{Heap after GC invocations=41 (full 0):
 garbage-first heap   total 185344K, used 106369K [0x0000000080000000, 0x0000000100000000)
  region size 1024K, 5 young (5120K), 5 survivors (5120K)
 Metaspace       used 109642K, committed 110400K, reserved 1179648K
  class space    used 14681K, committed 15040K, reserved 1048576K
}
Event: 8.935 GC heap before
{Heap before GC invocations=41 (full 0):
 garbage-first heap   total 185344K, used 153473K [0x0000000080000000, 0x0000000100000000)
  region size 1024K, 51 young (52224K), 5 survivors (5120K)
 Metaspace       used 110979K, committed 111744K, reserved 1179648K
  class space    used 14808K, committed 15168K, reserved 1048576K
}
Event: 8.938 GC heap after
{Heap after GC invocations=42 (full 0):
 garbage-first heap   total 185344K, used 108622K [0x0000000080000000, 0x0000000100000000)
  region size 1024K, 6 young (6144K), 6 survivors (6144K)
 Metaspace       used 110979K, committed 111744K, reserved 1179648K
  class space    used 14808K, committed 15168K, reserved 1048576K
}
Event: 9.377 GC heap before
{Heap before GC invocations=42 (full 0):
 garbage-first heap   total 185344K, used 152654K [0x0000000080000000, 0x0000000100000000)
  region size 1024K, 50 young (51200K), 6 survivors (6144K)
 Metaspace       used 115714K, committed 116416K, reserved 1179648K
  class space    used 15310K, committed 15616K, reserved 1048576K
}
Event: 9.382 GC heap after
{Heap after GC invocations=43 (full 0):
 garbage-first heap   total 223232K, used 111944K [0x0000000080000000, 0x0000000100000000)
  region size 1024K, 6 young (6144K), 6 survivors (6144K)
 Metaspace       used 115714K, committed 116416K, reserved 1179648K
  class space    used 15310K, committed 15616K, reserved 1048576K
}
Event: 9.835 GC heap before
{Heap before GC invocations=43 (full 0):
 garbage-first heap   total 223232K, used 159048K [0x0000000080000000, 0x0000000100000000)
  region size 1024K, 53 young (54272K), 6 survivors (6144K)
 Metaspace       used 121810K, committed 122560K, reserved 1179648K
  class space    used 15993K, committed 16320K, reserved 1048576K
}
Event: 9.840 GC heap after
{Heap after GC invocations=44 (full 0):
 garbage-first heap   total 223232K, used 113852K [0x0000000080000000, 0x0000000100000000)
  region size 1024K, 6 young (6144K), 6 survivors (6144K)
 Metaspace       used 121810K, committed 122560K, reserved 1179648K
  class space    used 15993K, committed 16320K, reserved 1048576K
}
Event: 10.491 GC heap before
{Heap before GC invocations=45 (full 0):
 garbage-first heap   total 223232K, used 182460K [0x0000000080000000, 0x0000000100000000)
  region size 1024K, 73 young (74752K), 6 survivors (6144K)
 Metaspace       used 131096K, committed 131840K, reserved 1179648K
  class space    used 17051K, committed 17408K, reserved 1048576K
}
Event: 10.496 GC heap after
{Heap after GC invocations=46 (full 0):
 garbage-first heap   total 223232K, used 114745K [0x0000000080000000, 0x0000000100000000)
  region size 1024K, 6 young (6144K), 6 survivors (6144K)
 Metaspace       used 131096K, committed 131840K, reserved 1179648K
  class space    used 17051K, committed 17408K, reserved 1048576K
}
Event: 10.564 GC heap before
{Heap before GC invocations=46 (full 0):
 garbage-first heap   total 223232K, used 117817K [0x0000000080000000, 0x0000000100000000)
  region size 1024K, 10 young (10240K), 6 survivors (6144K)
 Metaspace       used 132493K, committed 133248K, reserved 1179648K
  class space    used 17214K, committed 17536K, reserved 1048576K
}
Event: 10.568 GC heap after
{Heap after GC invocations=47 (full 0):
 garbage-first heap   total 223232K, used 114964K [0x0000000080000000, 0x0000000100000000)
  region size 1024K, 1 young (1024K), 1 survivors (1024K)
 Metaspace       used 132493K, committed 133248K, reserved 1179648K
  class space    used 17214K, committed 17536K, reserved 1048576K
}
Event: 12.149 GC heap before
{Heap before GC invocations=47 (full 0):
 garbage-first heap   total 223232K, used 185620K [0x0000000080000000, 0x0000000100000000)
  region size 1024K, 71 young (72704K), 1 survivors (1024K)
 Metaspace       used 138827K, committed 139584K, reserved 1179648K
  class space    used 17965K, committed 18304K, reserved 1048576K
}
Event: 12.154 GC heap after
{Heap after GC invocations=48 (full 0):
 garbage-first heap   total 223232K, used 122488K [0x0000000080000000, 0x0000000100000000)
  region size 1024K, 9 young (9216K), 9 survivors (9216K)
 Metaspace       used 138827K, committed 139584K, reserved 1179648K
  class space    used 17965K, committed 18304K, reserved 1048576K
}
Event: 12.373 GC heap before
{Heap before GC invocations=49 (full 0):
 garbage-first heap   total 223232K, used 193144K [0x0000000080000000, 0x0000000100000000)
  region size 1024K, 69 young (70656K), 9 survivors (9216K)
 Metaspace       used 139021K, committed 139712K, reserved 1179648K
  class space    used 17987K, committed 18304K, reserved 1048576K
}
Event: 12.385 GC heap after
{Heap after GC invocations=50 (full 0):
 garbage-first heap   total 223232K, used 141520K [0x0000000080000000, 0x0000000100000000)
  region size 1024K, 9 young (9216K), 9 survivors (9216K)
 Metaspace       used 139021K, committed 139712K, reserved 1179648K
  class space    used 17987K, committed 18304K, reserved 1048576K
}
Event: 12.390 GC heap before
{Heap before GC invocations=50 (full 0):
 garbage-first heap   total 223232K, used 142544K [0x0000000080000000, 0x0000000100000000)
  region size 1024K, 10 young (10240K), 9 survivors (9216K)
 Metaspace       used 139021K, committed 139712K, reserved 1179648K
  class space    used 17987K, committed 18304K, reserved 1048576K
}
Event: 12.395 GC heap after
{Heap after GC invocations=51 (full 0):
 garbage-first heap   total 223232K, used 136783K [0x0000000080000000, 0x0000000100000000)
  region size 1024K, 2 young (2048K), 2 survivors (2048K)
 Metaspace       used 139021K, committed 139712K, reserved 1179648K
  class space    used 17987K, committed 18304K, reserved 1048576K
}
Event: 12.648 GC heap before
{Heap before GC invocations=51 (full 0):
 garbage-first heap   total 223232K, used 193103K [0x0000000080000000, 0x0000000100000000)
  region size 1024K, 45 young (46080K), 2 survivors (2048K)
 Metaspace       used 139278K, committed 139968K, reserved 1179648K
  class space    used 17987K, committed 18304K, reserved 1048576K
}
Event: 12.653 GC heap after
{Heap after GC invocations=52 (full 0):
 garbage-first heap   total 223232K, used 155648K [0x0000000080000000, 0x0000000100000000)
  region size 1024K, 6 young (6144K), 6 survivors (6144K)
 Metaspace       used 139278K, committed 139968K, reserved 1179648K
  class space    used 17987K, committed 18304K, reserved 1048576K
}
Event: 12.705 GC heap before
{Heap before GC invocations=52 (full 0):
 garbage-first heap   total 223232K, used 185344K [0x0000000080000000, 0x0000000100000000)
  region size 1024K, 35 young (35840K), 6 survivors (6144K)
 Metaspace       used 139296K, committed 140032K, reserved 1179648K
  class space    used 17987K, committed 18304K, reserved 1048576K
}

