# JRE version: OpenJDK Runtime Environment (17.0.11) (build 17.0.11+0--11852314)
# Java VM: OpenJDK 64-Bit Server VM (17.0.11+0--11852314, mixed mode, tiered, compressed oops, compressed class ptrs, g1 gc, windows-amd64)
GC Precious Log:
 CPUs: 8 total, 8 available
 Memory: 16078M
 Large Page Support: Disabled
 NUMA Support: Disabled
 Compressed Oops: Enabled (32-bit)
 Heap Region Size: 1M
 Heap Min Capacity: 8M
 Heap Initial Capacity: 252M
 Heap Max Capacity: 2G
 Pre-touch: Disabled
 Parallel Workers: 8
 Concurrent Workers: 2
 Concurrent Refinement Workers: 8
 Periodic GC: Disabled
Heap:
 garbage-first heap   total 258048K, used 112308K [0x0000000080000000, 0x0000000100000000)
  region size 1024K, 1 young (1024K), 1 survivors (1024K)
 Metaspace       used 83010K, committed 83776K, reserved 1179648K
  class space    used 11659K, committed 12032K, reserved 1048576K
GC Heap History (20 events):
Event: 4.454 GC heap after
{Heap after GC invocations=25 (full 0):
 garbage-first heap   total 173056K, used 72468K [0x0000000080000000, 0x0000000100000000)
  region size 1024K, 4 young (4096K), 4 survivors (4096K)
 Metaspace       used 59077K, committed 59712K, reserved 1114112K
  class space    used 8074K, committed 8384K, reserved 1048576K
}
Event: 4.493 GC heap before
{Heap before GC invocations=25 (full 0):
 garbage-first heap   total 173056K, used 76564K [0x0000000080000000, 0x0000000100000000)
  region size 1024K, 8 young (8192K), 4 survivors (4096K)
 Metaspace       used 59523K, committed 60160K, reserved 1114112K
  class space    used 8157K, committed 8448K, reserved 1048576K
}
Event: 4.496 GC heap after
{Heap after GC invocations=26 (full 0):
 garbage-first heap   total 173056K, used 72633K [0x0000000080000000, 0x0000000100000000)
  region size 1024K, 1 young (1024K), 1 survivors (1024K)
 Metaspace       used 59523K, committed 60160K, reserved 1114112K
  class space    used 8157K, committed 8448K, reserved 1048576K
}
Event: 4.956 GC heap before
{Heap before GC invocations=26 (full 0):
 garbage-first heap   total 173056K, used 122809K [0x0000000080000000, 0x0000000100000000)
  region size 1024K, 51 young (52224K), 1 survivors (1024K)
 Metaspace       used 62142K, committed 62848K, reserved 1114112K
  class space    used 8504K, committed 8832K, reserved 1048576K
}
Event: 4.961 GC heap after
{Heap after GC invocations=27 (full 0):
 garbage-first heap   total 173056K, used 78271K [0x0000000080000000, 0x0000000100000000)
  region size 1024K, 7 young (7168K), 7 survivors (7168K)
 Metaspace       used 62142K, committed 62848K, reserved 1114112K
  class space    used 8504K, committed 8832K, reserved 1048576K
}
Event: 5.365 GC heap before
{Heap before GC invocations=27 (full 0):
 garbage-first heap   total 173056K, used 127423K [0x0000000080000000, 0x0000000100000000)
  region size 1024K, 55 young (56320K), 7 survivors (7168K)
 Metaspace       used 67115K, committed 67776K, reserved 1114112K
  class space    used 9601K, committed 9920K, reserved 1048576K
}
Event: 5.368 GC heap after
{Heap after GC invocations=28 (full 0):
 garbage-first heap   total 173056K, used 79989K [0x0000000080000000, 0x0000000100000000)
  region size 1024K, 4 young (4096K), 4 survivors (4096K)
 Metaspace       used 67115K, committed 67776K, reserved 1114112K
  class space    used 9601K, committed 9920K, reserved 1048576K
}
Event: 5.703 GC heap before
{Heap before GC invocations=28 (full 0):
 garbage-first heap   total 173056K, used 131189K [0x0000000080000000, 0x0000000100000000)
  region size 1024K, 54 young (55296K), 4 survivors (4096K)
 Metaspace       used 73478K, committed 74176K, reserved 1114112K
  class space    used 10471K, committed 10816K, reserved 1048576K
}
Event: 5.706 GC heap after
{Heap after GC invocations=29 (full 0):
 garbage-first heap   total 173056K, used 81031K [0x0000000080000000, 0x0000000100000000)
  region size 1024K, 5 young (5120K), 5 survivors (5120K)
 Metaspace       used 73478K, committed 74176K, reserved 1114112K
  class space    used 10471K, committed 10816K, reserved 1048576K
}
Event: 6.011 GC heap before
{Heap before GC invocations=29 (full 0):
 garbage-first heap   total 173056K, used 124039K [0x0000000080000000, 0x0000000100000000)
  region size 1024K, 48 young (49152K), 5 survivors (5120K)
 Metaspace       used 80025K, committed 80704K, reserved 1179648K
  class space    used 11293K, committed 11648K, reserved 1048576K
}
Event: 6.015 GC heap after
{Heap after GC invocations=30 (full 0):
 garbage-first heap   total 173056K, used 82015K [0x0000000080000000, 0x0000000100000000)
  region size 1024K, 3 young (3072K), 3 survivors (3072K)
 Metaspace       used 80025K, committed 80704K, reserved 1179648K
  class space    used 11293K, committed 11648K, reserved 1048576K
}
Event: 6.249 GC heap before
{Heap before GC invocations=31 (full 0):
 garbage-first heap   total 173056K, used 150623K [0x0000000080000000, 0x0000000100000000)
  region size 1024K, 58 young (59392K), 3 survivors (3072K)
 Metaspace       used 80342K, committed 81152K, reserved 1179648K
  class space    used 11302K, committed 11648K, reserved 1048576K
}
Event: 6.264 GC heap after
{Heap after GC invocations=32 (full 0):
 garbage-first heap   total 173056K, used 101076K [0x0000000080000000, 0x0000000100000000)
  region size 1024K, 8 young (8192K), 8 survivors (8192K)
 Metaspace       used 80342K, committed 81152K, reserved 1179648K
  class space    used 11302K, committed 11648K, reserved 1048576K
}
Event: 6.271 GC heap before
{Heap before GC invocations=32 (full 0):
 garbage-first heap   total 173056K, used 102100K [0x0000000080000000, 0x0000000100000000)
  region size 1024K, 9 young (9216K), 8 survivors (8192K)
 Metaspace       used 80342K, committed 81152K, reserved 1179648K
  class space    used 11302K, committed 11648K, reserved 1048576K
}
Event: 6.277 GC heap after
{Heap after GC invocations=33 (full 0):
 garbage-first heap   total 173056K, used 102951K [0x0000000080000000, 0x0000000100000000)
  region size 1024K, 2 young (2048K), 2 survivors (2048K)
 Metaspace       used 80342K, committed 81152K, reserved 1179648K
  class space    used 11302K, committed 11648K, reserved 1048576K
}
Event: 6.367 GC heap before
{Heap before GC invocations=33 (full 0):
 garbage-first heap   total 173056K, used 141863K [0x0000000080000000, 0x0000000100000000)
  region size 1024K, 35 young (35840K), 2 survivors (2048K)
 Metaspace       used 80343K, committed 81152K, reserved 1179648K
  class space    used 11302K, committed 11648K, reserved 1048576K
}
Event: 6.373 GC heap after
{Heap after GC invocations=34 (full 0):
 garbage-first heap   total 173056K, used 110786K [0x0000000080000000, 0x0000000100000000)
  region size 1024K, 5 young (5120K), 5 survivors (5120K)
 Metaspace       used 80343K, committed 81152K, reserved 1179648K
  class space    used 11302K, committed 11648K, reserved 1048576K
}
Event: 6.529 GC heap before
{Heap before GC invocations=35 (full 0):
 garbage-first heap   total 201728K, used 138434K [0x0000000080000000, 0x0000000100000000)
  region size 1024K, 32 young (32768K), 5 survivors (5120K)
 Metaspace       used 82264K, committed 83008K, reserved 1179648K
  class space    used 11564K, committed 11968K, reserved 1048576K
}
Event: 6.533 GC heap after
{Heap after GC invocations=36 (full 0):
 garbage-first heap   total 201728K, used 112873K [0x0000000080000000, 0x0000000100000000)
  region size 1024K, 4 young (4096K), 4 survivors (4096K)
 Metaspace       used 82264K, committed 83008K, reserved 1179648K
  class space    used 11564K, committed 11968K, reserved 1048576K
}
Event: 6.569 GC heap before
{Heap before GC invocations=36 (full 0):
 garbage-first heap   total 201728K, used 117993K [0x0000000080000000, 0x0000000100000000)
  region size 1024K, 9 young (9216K), 4 survivors (4096K)
 Metaspace       used 83010K, committed 83776K, reserved 1179648K
  class space    used 11659K, committed 12032K, reserved 1048576K
}

