# JRE version: OpenJDK Runtime Environment (17.0.11) (build 17.0.11+0--11852314)
# Java VM: OpenJDK 64-Bit Server VM (17.0.11+0--11852314, mixed mode, tiered, compressed oops, compressed class ptrs, g1 gc, windows-amd64)
GC Precious Log:
 CPUs: 8 total, 8 available
 Memory: 16078M
 Large Page Support: Disabled
 NUMA Support: Disabled
 Compressed Oops: Enabled (32-bit)
 Heap Region Size: 1M
 Heap Min Capacity: 8M
 Heap Initial Capacity: 252M
 Heap Max Capacity: 2G
 Pre-touch: Disabled
 Parallel Workers: 8
 Concurrent Workers: 2
 Concurrent Refinement Workers: 8
 Periodic GC: Disabled
Heap:
 garbage-first heap   total 286720K, used 153331K [0x0000000080000000, 0x0000000100000000)
  region size 1024K, 15 young (15360K), 9 survivors (9216K)
 Metaspace       used 119476K, committed 120128K, reserved 1179648K
  class space    used 15901K, committed 16192K, reserved 1048576K
GC Heap History (20 events):
Event: 5.344 GC heap before
{Heap before GC invocations=24 (full 0):
 garbage-first heap   total 143360K, used 108756K [0x0000000080000000, 0x0000000100000000)
  region size 1024K, 35 young (35840K), 0 survivors (0K)
 Metaspace       used 69234K, committed 69888K, reserved 1114112K
  class space    used 9431K, committed 9728K, reserved 1048576K
}
Event: 5.346 GC heap after
{Heap after GC invocations=25 (full 0):
 garbage-first heap   total 143360K, used 73094K [0x0000000080000000, 0x0000000100000000)
  region size 1024K, 3 young (3072K), 3 survivors (3072K)
 Metaspace       used 69234K, committed 69888K, reserved 1114112K
  class space    used 9431K, committed 9728K, reserved 1048576K
}
Event: 5.377 GC heap before
{Heap before GC invocations=25 (full 0):
 garbage-first heap   total 143360K, used 77190K [0x0000000080000000, 0x0000000100000000)
  region size 1024K, 7 young (7168K), 3 survivors (3072K)
 Metaspace       used 69528K, committed 70144K, reserved 1114112K
  class space    used 9468K, committed 9792K, reserved 1048576K
}
Event: 5.378 GC heap after
{Heap after GC invocations=26 (full 0):
 garbage-first heap   total 143360K, used 72023K [0x0000000080000000, 0x0000000100000000)
  region size 1024K, 1 young (1024K), 1 survivors (1024K)
 Metaspace       used 69528K, committed 70144K, reserved 1114112K
  class space    used 9468K, committed 9792K, reserved 1048576K
}
Event: 5.691 GC heap before
{Heap before GC invocations=26 (full 0):
 garbage-first heap   total 143360K, used 108887K [0x0000000080000000, 0x0000000100000000)
  region size 1024K, 38 young (38912K), 1 survivors (1024K)
 Metaspace       used 73032K, committed 73664K, reserved 1114112K
  class space    used 9928K, committed 10240K, reserved 1048576K
}
Event: 5.693 GC heap after
{Heap after GC invocations=27 (full 0):
 garbage-first heap   total 143360K, used 74163K [0x0000000080000000, 0x0000000100000000)
  region size 1024K, 3 young (3072K), 3 survivors (3072K)
 Metaspace       used 73032K, committed 73664K, reserved 1114112K
  class space    used 9928K, committed 10240K, reserved 1048576K
}
Event: 5.971 GC heap before
{Heap before GC invocations=28 (full 0):
 garbage-first heap   total 143360K, used 115123K [0x0000000080000000, 0x0000000100000000)
  region size 1024K, 40 young (40960K), 3 survivors (3072K)
 Metaspace       used 76792K, committed 77440K, reserved 1179648K
  class space    used 10467K, committed 10752K, reserved 1048576K
}
Event: 5.974 GC heap after
{Heap after GC invocations=29 (full 0):
 garbage-first heap   total 143360K, used 78842K [0x0000000080000000, 0x0000000100000000)
  region size 1024K, 4 young (4096K), 4 survivors (4096K)
 Metaspace       used 76792K, committed 77440K, reserved 1179648K
  class space    used 10467K, committed 10752K, reserved 1048576K
}
Event: 6.203 GC heap before
{Heap before GC invocations=29 (full 0):
 garbage-first heap   total 143360K, used 114682K [0x0000000080000000, 0x0000000100000000)
  region size 1024K, 39 young (39936K), 4 survivors (4096K)
 Metaspace       used 79446K, committed 80064K, reserved 1179648K
  class space    used 10832K, committed 11136K, reserved 1048576K
}
Event: 6.207 GC heap after
{Heap after GC invocations=30 (full 0):
 garbage-first heap   total 286720K, used 80897K [0x0000000080000000, 0x0000000100000000)
  region size 1024K, 4 young (4096K), 4 survivors (4096K)
 Metaspace       used 79446K, committed 80064K, reserved 1179648K
  class space    used 10832K, committed 11136K, reserved 1048576K
}
Event: 7.294 GC heap before
{Heap before GC invocations=31 (full 0):
 garbage-first heap   total 286720K, used 205825K [0x0000000080000000, 0x0000000100000000)
  region size 1024K, 119 young (121856K), 4 survivors (4096K)
 Metaspace       used 93620K, committed 94400K, reserved 1179648K
  class space    used 13099K, committed 13440K, reserved 1048576K
}
Event: 7.301 GC heap after
{Heap after GC invocations=32 (full 0):
 garbage-first heap   total 286720K, used 94500K [0x0000000080000000, 0x0000000100000000)
  region size 1024K, 10 young (10240K), 10 survivors (10240K)
 Metaspace       used 93620K, committed 94400K, reserved 1179648K
  class space    used 13099K, committed 13440K, reserved 1048576K
}
Event: 7.777 GC heap before
{Heap before GC invocations=32 (full 0):
 garbage-first heap   total 286720K, used 216356K [0x0000000080000000, 0x0000000100000000)
  region size 1024K, 129 young (132096K), 10 survivors (10240K)
 Metaspace       used 97454K, committed 98112K, reserved 1179648K
  class space    used 13541K, committed 13824K, reserved 1048576K
}
Event: 7.799 GC heap after
{Heap after GC invocations=33 (full 0):
 garbage-first heap   total 286720K, used 114457K [0x0000000080000000, 0x0000000100000000)
  region size 1024K, 17 young (17408K), 17 survivors (17408K)
 Metaspace       used 97454K, committed 98112K, reserved 1179648K
  class space    used 13541K, committed 13824K, reserved 1048576K
}
Event: 8.422 GC heap before
{Heap before GC invocations=33 (full 0):
 garbage-first heap   total 286720K, used 219929K [0x0000000080000000, 0x0000000100000000)
  region size 1024K, 113 young (115712K), 17 survivors (17408K)
 Metaspace       used 107512K, committed 108224K, reserved 1179648K
  class space    used 14585K, committed 14912K, reserved 1048576K
}
Event: 8.433 GC heap after
{Heap after GC invocations=34 (full 0):
 garbage-first heap   total 286720K, used 131789K [0x0000000080000000, 0x0000000100000000)
  region size 1024K, 9 young (9216K), 9 survivors (9216K)
 Metaspace       used 107512K, committed 108224K, reserved 1179648K
  class space    used 14585K, committed 14912K, reserved 1048576K
}
Event: 9.060 GC heap before
{Heap before GC invocations=34 (full 0):
 garbage-first heap   total 286720K, used 223949K [0x0000000080000000, 0x0000000100000000)
  region size 1024K, 98 young (100352K), 9 survivors (9216K)
 Metaspace       used 114929K, committed 115584K, reserved 1179648K
  class space    used 15482K, committed 15808K, reserved 1048576K
}
Event: 9.067 GC heap after
{Heap after GC invocations=35 (full 0):
 garbage-first heap   total 286720K, used 140110K [0x0000000080000000, 0x0000000100000000)
  region size 1024K, 8 young (8192K), 8 survivors (8192K)
 Metaspace       used 114929K, committed 115584K, reserved 1179648K
  class space    used 15482K, committed 15808K, reserved 1048576K
}
Event: 9.802 GC heap before
{Heap before GC invocations=35 (full 0):
 garbage-first heap   total 286720K, used 228174K [0x0000000080000000, 0x0000000100000000)
  region size 1024K, 94 young (96256K), 8 survivors (8192K)
 Metaspace       used 119147K, committed 119808K, reserved 1179648K
  class space    used 15889K, committed 16192K, reserved 1048576K
}
Event: 9.809 GC heap after
{Heap after GC invocations=36 (full 0):
 garbage-first heap   total 286720K, used 148211K [0x0000000080000000, 0x0000000100000000)
  region size 1024K, 9 young (9216K), 9 survivors (9216K)
 Metaspace       used 119147K, committed 119808K, reserved 1179648K
  class space    used 15889K, committed 16192K, reserved 1048576K
}

